<?xml version="1.0" encoding="UTF-8"?>
<!-- Generated by org.testng.reporters.JUnitXMLReporter -->
<testsuite ignored="0" hostname="EPINHYDW0431" failures="0" tests="4" name="Surefire test" time="4.605" errors="0" timestamp="2023-06-13T20:37:43 IST">
  <testcase classname="com.sri.qa.tests.firstTest" name="printHi" time="0.012"/>
  <testcase classname="com.sri.qa.tests.firstTest" name="printHii" time="0.005"/>
  <testcase classname="com.sri.qa.tests.firstTest" name="test" time="0.067"/>
  <testcase classname="com.sri.qa.tests.firstTest" name="testfailed" time="0.041"/>
</testsuite> <!-- Surefire test -->
